[debug] [2024-04-03T08:25:11.148Z] ----------------------------------------------------------------------
[debug] [2024-04-03T08:25:11.154Z] Command:       C:\Program Files\nodejs\node.exe C:\Users\marku\AppData\Roaming\npm\node_modules\firebase-tools\lib\bin\firebase.js init
[debug] [2024-04-03T08:25:11.155Z] CLI Version:   13.6.1
[debug] [2024-04-03T08:25:11.156Z] Platform:      win32
[debug] [2024-04-03T08:25:11.156Z] Node Version:  v21.7.1
[debug] [2024-04-03T08:25:11.156Z] Time:          Wed Apr 03 2024 11:25:11 GMT+0300 (Eastern European Summer Time)
[debug] [2024-04-03T08:25:11.157Z] ----------------------------------------------------------------------
[debug] 
[debug] [2024-04-03T08:25:11.316Z] > command requires scopes: ["email","openid","https://www.googleapis.com/auth/cloudplatformprojects.readonly","https://www.googleapis.com/auth/firebase","https://www.googleapis.com/auth/cloud-platform"]
[debug] [2024-04-03T08:25:11.317Z] > authorizing via signed-in user (markus.a.phantha@gmail.com)
[info] 
     ######## #### ########  ######## ########     ###     ######  ########
     ##        ##  ##     ## ##       ##     ##  ##   ##  ##       ##
     ######    ##  ########  ######   ########  #########  ######  ######
     ##        ##  ##    ##  ##       ##     ## ##     ##       ## ##
     ##       #### ##     ## ######## ########  ##     ##  ######  ########

You're about to initialize a Firebase project in this directory:

  C:\Users\marku\OneDrive\Desktop\UunoPT\PtUunoSilvennoinen.github.io

Before we get started, keep in mind:

  * You are initializing within an existing Firebase project directory

